<?xml version="1.0" encoding="UTF-8"?>
<testng-results skipped="0" failed="0" total="2" passed="2">
  <reporter-output>
  </reporter-output>
  <suite name="Default suite" duration-ms="44733" started-at="2020-07-20T00:13:18Z" finished-at="2020-07-20T00:14:02Z">
    <groups>
    </groups>
    <test name="Default test" duration-ms="44733" started-at="2020-07-20T00:13:18Z" finished-at="2020-07-20T00:14:02Z">
      <class name="com.dollardays.tests.RegistrationTest">
        <test-method status="PASS" signature="launchApp(java.lang.String)[pri:0, instance:com.dollardays.tests.RegistrationTest@e50a6f6]" name="launchApp" is-config="true" duration-ms="14809" started-at="2020-07-19T17:13:18Z" finished-at="2020-07-19T17:13:33Z">
          <params>
            <param index="0">
              <value>
                <![CDATA[chrome]]>
              </value>
            </param>
          </params>
          <reporter-output>
          </reporter-output>
        </test-method> <!-- launchApp -->
        <test-method status="PASS" signature="CreateAccount(java.lang.String, java.lang.String, java.lang.String, java.lang.String, java.lang.String, java.lang.String)[pri:0, instance:com.dollardays.tests.RegistrationTest@e50a6f6]" name="CreateAccount" duration-ms="3734" started-at="2020-07-19T17:13:33Z" data-provider="caDataSource" finished-at="2020-07-19T17:13:37Z">
          <params>
            <param index="0">
              <value>
                <![CDATA[haritha]]>
              </value>
            </param>
            <param index="1">
              <value>
                <![CDATA[grandhi]]>
              </value>
            </param>
            <param index="2">
              <value>
                <![CDATA[hgrandha123@gmail.com]]>
              </value>
            </param>
            <param index="3">
              <value>
                <![CDATA[4.5678923E7]]>
              </value>
            </param>
            <param index="4">
              <value>
                <![CDATA[hari]]>
              </value>
            </param>
            <param index="5">
              <value>
                <![CDATA[hari]]>
              </value>
            </param>
          </params>
          <reporter-output>
          </reporter-output>
        </test-method> <!-- CreateAccount -->
        <test-method status="PASS" signature="closeApp()[pri:0, instance:com.dollardays.tests.RegistrationTest@e50a6f6]" name="closeApp" is-config="true" duration-ms="889" started-at="2020-07-19T17:13:37Z" finished-at="2020-07-19T17:13:38Z">
          <reporter-output>
          </reporter-output>
        </test-method> <!-- closeApp -->
        <test-method status="PASS" signature="launchApp(java.lang.String)[pri:0, instance:com.dollardays.tests.RegistrationTest@e50a6f6]" name="launchApp" is-config="true" duration-ms="20372" started-at="2020-07-19T17:13:38Z" finished-at="2020-07-19T17:13:58Z">
          <params>
            <param index="0">
              <value>
                <![CDATA[chrome]]>
              </value>
            </param>
          </params>
          <reporter-output>
          </reporter-output>
        </test-method> <!-- launchApp -->
        <test-method status="PASS" signature="CreateAccount(java.lang.String, java.lang.String, java.lang.String, java.lang.String, java.lang.String, java.lang.String)[pri:0, instance:com.dollardays.tests.RegistrationTest@e50a6f6]" name="CreateAccount" duration-ms="3502" started-at="2020-07-19T17:13:58Z" data-provider="caDataSource" finished-at="2020-07-19T17:14:01Z">
          <params>
            <param index="0">
              <value>
                <![CDATA[Deepthi]]>
              </value>
            </param>
            <param index="1">
              <value>
                <![CDATA[menta]]>
              </value>
            </param>
            <param index="2">
              <value>
                <![CDATA[menta1234@gmail.com]]>
              </value>
            </param>
            <param index="3">
              <value>
                <![CDATA[3245677.0]]>
              </value>
            </param>
            <param index="4">
              <value>
                <![CDATA[menta]]>
              </value>
            </param>
            <param index="5">
              <value>
                <![CDATA[menta]]>
              </value>
            </param>
          </params>
          <reporter-output>
          </reporter-output>
        </test-method> <!-- CreateAccount -->
        <test-method status="PASS" signature="closeApp()[pri:0, instance:com.dollardays.tests.RegistrationTest@e50a6f6]" name="closeApp" is-config="true" duration-ms="863" started-at="2020-07-19T17:14:01Z" finished-at="2020-07-19T17:14:02Z">
          <reporter-output>
          </reporter-output>
        </test-method> <!-- closeApp -->
      </class> <!-- com.dollardays.tests.RegistrationTest -->
    </test> <!-- Default test -->
  </suite> <!-- Default suite -->
</testng-results>
